<?xml version="1.0" encoding="UTF-8"?><testsuite errors="0" failures="1" name="The user can create a new operator company" skipped="0" tests="1" time="35.14" timestamp="2023-01-04 02:23:01"><testcase name="Actor can edit a company register"><failure message="Expected enabled element was not enabled" type="net.thucydides.core.webdriver.exceptions.ElementShouldBeEnabledException">Expected enabled element was not enabled</failure><system-err>Expected enabled element was not enabled&#13;
Stepsdefinitions.GestionEmpresasSteps.he_select_the_dit_button(GestionEmpresasSteps.java:192)&#13;
cucumber.runner.Runner.runPickle(Runner.java:80)&#13;
</system-err></testcase></testsuite>